<?xml version="1.0" encoding="UTF-8"?>
<!-- Generated by org.testng.reporters.JUnitXMLReporter -->
<testsuite ignored="10" hostname="DESKTOP-QJI8CSA" failures="0" tests="1" name="Default test" time="3.566" errors="0" timestamp="2021-08-04T21:41:05 IST">
  <testcase classname="test_cases.Dashboard_Page" name="verifyLogOut" time="0.424"/>
  <testcase classname="test_cases.Dashboard_Page" name="verifyMoreInfo" time="0.0">
    <ignored/>
  </testcase> <!-- verifyMoreInfo -->
  <testcase classname="test_cases.Dashboard_Page" name="verifyUsefulLink" time="0.0">
    <ignored/>
  </testcase> <!-- verifyUsefulLink -->
  <testcase classname="test_cases.Dashboard_Page" name="vefirySubTitle" time="0.0">
    <ignored/>
  </testcase> <!-- vefirySubTitle -->
  <testcase classname="test_cases.Dashboard_Page" name="verifyDownloads" time="0.0">
    <ignored/>
  </testcase> <!-- verifyDownloads -->
  <testcase classname="test_cases.Dashboard_Page" name="verifyImg" time="0.0">
    <ignored/>
  </testcase> <!-- verifyImg -->
  <testcase classname="test_cases.Dashboard_Page" name="verifyTitle" time="0.0">
    <ignored/>
  </testcase> <!-- verifyTitle -->
  <testcase classname="test_cases.Dashboard_Page" name="verifyUsers" time="0.0">
    <ignored/>
  </testcase> <!-- verifyUsers -->
  <testcase classname="test_cases.Dashboard_Page" name="getCourses" time="0.0">
    <ignored/>
  </testcase> <!-- getCourses -->
  <testcase classname="test_cases.Dashboard_Page" name="verifyCourseClr" time="0.0">
    <ignored/>
  </testcase> <!-- verifyCourseClr -->
  <testcase classname="test_cases.Dashboard_Page" name="verifyOperators" time="0.0">
    <ignored/>
  </testcase> <!-- verifyOperators -->
</testsuite> <!-- Default test -->
