<?xml version="1.0" encoding="UTF-8"?>
<testng-results ignored="10" total="11" passed="1" failed="0" skipped="0">
  <reporter-output>
  </reporter-output>
  <suite started-at="2021-08-04T21:41:02 IST" name="Default suite" finished-at="2021-08-04T21:41:05 IST" duration-ms="3566">
    <groups>
    </groups>
    <test started-at="2021-08-04T21:41:02 IST" name="Default test" finished-at="2021-08-04T21:41:05 IST" duration-ms="3566">
      <class name="test_cases.Dashboard_Page">
        <test-method is-config="true" signature="setUp()[pri:0, instance:test_cases.Dashboard_Page@1a6d8329]" started-at="2021-08-04T21:41:02 IST" name="setUp" finished-at="2021-08-04T21:41:05 IST" duration-ms="3070" status="PASS">
          <reporter-output>
          </reporter-output>
        </test-method> <!-- setUp -->
        <test-method signature="verifyLogOut()[pri:10, instance:test_cases.Dashboard_Page@1a6d8329]" started-at="2021-08-04T21:41:05 IST" name="verifyLogOut" finished-at="2021-08-04T21:41:05 IST" duration-ms="424" status="PASS">
          <reporter-output>
          </reporter-output>
        </test-method> <!-- verifyLogOut -->
      </class> <!-- test_cases.Dashboard_Page -->
    </test> <!-- Default test -->
  </suite> <!-- Default suite -->
</testng-results>
